c:\users\kev\documents\visual studio 2015\projects\protectdriver\protectdriver\release\vc140.pdb
c:\users\kev\documents\visual studio 2015\projects\protectdriver\protectdriver\release\main.obj
c:\users\kev\documents\visual studio 2015\projects\protectdriver\release\protectdriver\protectdriver.cat
c:\users\kev\documents\visual studio 2015\projects\protectdriver\release\protectdriver.sys
c:\users\kev\documents\visual studio 2015\projects\protectdriver\release\protectdriver.pdb
c:\users\kev\documents\visual studio 2015\projects\protectdriver\protectdriver\release\protectdriver.inf
c:\users\kev\documents\visual studio 2015\projects\protectdriver\release\protectdriver.cer
c:\users\kev\documents\visual studio 2015\projects\protectdriver\release\protectdriver.inf
c:\users\kev\documents\visual studio 2015\projects\protectdriver\protectdriver\release\protectdriver.tlog\cl.command.1.tlog
c:\users\kev\documents\visual studio 2015\projects\protectdriver\protectdriver\release\protectdriver.tlog\cl.read.1.tlog
c:\users\kev\documents\visual studio 2015\projects\protectdriver\protectdriver\release\protectdriver.tlog\cl.write.1.tlog
c:\users\kev\documents\visual studio 2015\projects\protectdriver\protectdriver\release\protectdriver.tlog\inf2cat-expand.496.read.1.tlog
c:\users\kev\documents\visual studio 2015\projects\protectdriver\protectdriver\release\protectdriver.tlog\inf2cat-expand.496.write.1.tlog
c:\users\kev\documents\visual studio 2015\projects\protectdriver\protectdriver\release\protectdriver.tlog\inf2cat-expand.8848.read.1.tlog
c:\users\kev\documents\visual studio 2015\projects\protectdriver\protectdriver\release\protectdriver.tlog\inf2cat-expand.8848.write.1.tlog
c:\users\kev\documents\visual studio 2015\projects\protectdriver\protectdriver\release\protectdriver.tlog\inf2cat-expand.9072.read.1.tlog
c:\users\kev\documents\visual studio 2015\projects\protectdriver\protectdriver\release\protectdriver.tlog\inf2cat-expand.9072.write.1.tlog
c:\users\kev\documents\visual studio 2015\projects\protectdriver\protectdriver\release\protectdriver.tlog\inf2cat-expand.read.1.tlog
c:\users\kev\documents\visual studio 2015\projects\protectdriver\protectdriver\release\protectdriver.tlog\inf2cat-expand.write.1.tlog
c:\users\kev\documents\visual studio 2015\projects\protectdriver\protectdriver\release\protectdriver.tlog\inf2cat.command.1.tlog
c:\users\kev\documents\visual studio 2015\projects\protectdriver\protectdriver\release\protectdriver.tlog\inf2cat.read.1.tlog
c:\users\kev\documents\visual studio 2015\projects\protectdriver\protectdriver\release\protectdriver.tlog\inf2cat.write.1.tlog
c:\users\kev\documents\visual studio 2015\projects\protectdriver\protectdriver\release\protectdriver.tlog\link.command.1.tlog
c:\users\kev\documents\visual studio 2015\projects\protectdriver\protectdriver\release\protectdriver.tlog\link.read.1.tlog
c:\users\kev\documents\visual studio 2015\projects\protectdriver\protectdriver\release\protectdriver.tlog\link.write.1.tlog
c:\users\kev\documents\visual studio 2015\projects\protectdriver\protectdriver\release\protectdriver.tlog\signtool.command.1.tlog
c:\users\kev\documents\visual studio 2015\projects\protectdriver\protectdriver\release\protectdriver.tlog\signtool.read.1.tlog
c:\users\kev\documents\visual studio 2015\projects\protectdriver\protectdriver\release\protectdriver.tlog\signtool.timestamp.1.tlog
c:\users\kev\documents\visual studio 2015\projects\protectdriver\protectdriver\release\protectdriver.tlog\signtool.write.1.tlog
c:\users\kev\documents\visual studio 2015\projects\protectdriver\protectdriver\release\protectdriver.tlog\stampinf.command.1.tlog
c:\users\kev\documents\visual studio 2015\projects\protectdriver\protectdriver\release\protectdriver.tlog\stampinf.read.1.tlog
c:\users\kev\documents\visual studio 2015\projects\protectdriver\protectdriver\release\protectdriver.tlog\stampinf.write.1.tlog
